TN:
SF:C:\Users\DELL\Desktop\Cairo\Day2\Demo\AngularJasmineKarma-master\src\polyfills.ts
FNF:0
FNH:0
LF:0
LH:0
BRF:0
BRH:0
end_of_record
TN:
SF:C:\Users\DELL\Desktop\Cairo\Day2\Demo\AngularJasmineKarma-master\src\test.ts
FNF:0
FNH:0
DA:13,1
DA:18,1
DA:20,1
LF:3
LH:3
BRF:0
BRH:0
end_of_record
TN:
SF:C:\Users\DELL\Desktop\Cairo\Day2\Demo\AngularJasmineKarma-master\src\app\app-routing.module.ts
FNF:0
FNH:0
DA:26,1
DA:39,1
LF:2
LH:2
BRF:0
BRH:0
end_of_record
TN:
SF:C:\Users\DELL\Desktop\Cairo\Day2\Demo\AngularJasmineKarma-master\src\app\app.component.ts
FN:15,(anonymous_0)
FN:20,(anonymous_1)
FNF:2
FNH:1
FNDA:6,(anonymous_0)
FNDA:0,(anonymous_1)
DA:10,1
DA:11,1
DA:12,6
DA:13,6
DA:21,0
LF:5
LH:4
BRF:0
BRH:0
end_of_record
TN:
SF:C:\Users\DELL\Desktop\Cairo\Day2\Demo\AngularJasmineKarma-master\src\app\authentication.service.ts
FN:9,(anonymous_0)
FN:11,(anonymous_1)
FN:15,(anonymous_2)
FNF:3
FNH:3
FNDA:5,(anonymous_0)
FNDA:4,(anonymous_1)
FNDA:1,(anonymous_2)
DA:6,1
DA:12,4
DA:17,1
LF:3
LH:3
BRF:0
BRH:0
end_of_record
TN:
SF:C:\Users\DELL\Desktop\Cairo\Day2\Demo\AngularJasmineKarma-master\src\app\customerReservation.component.ts
FN:1,(anonymous_0)
FN:6,(anonymous_1)
FN:11,(anonymous_2)
FN:17,(anonymous_3)
FN:21,(anonymous_4)
FNF:5
FNH:4
FNDA:3,(anonymous_0)
FNDA:1,(anonymous_1)
FNDA:1,(anonymous_2)
FNDA:0,(anonymous_3)
FNDA:1,(anonymous_4)
DA:2,3
DA:3,3
DA:7,1
DA:12,1
DA:18,0
DA:22,1
DA:23,1
DA:24,1
DA:25,1
DA:28,1
LF:10
LH:9
BRDA:23,0,0,1
BRDA:23,0,1,0
BRF:2
BRH:1
end_of_record
TN:
SF:C:\Users\DELL\Desktop\Cairo\Day2\Demo\AngularJasmineKarma-master\src\app\firstFunction.ts
FN:2,addition
FNF:1
FNH:1
FNDA:1,addition
DA:3,1
LF:1
LH:1
BRF:0
BRH:0
end_of_record
TN:
SF:C:\Users\DELL\Desktop\Cairo\Day2\Demo\AngularJasmineKarma-master\src\app\custom-directive-demo\custom-directive-demo.component.ts
FN:12,(anonymous_0)
FN:14,(anonymous_1)
FN:18,(anonymous_2)
FNF:3
FNH:0
FNDA:0,(anonymous_0)
FNDA:0,(anonymous_1)
FNDA:0,(anonymous_2)
DA:8,1
DA:15,0
DA:19,0
LF:3
LH:1
BRF:0
BRH:0
end_of_record
TN:
SF:C:\Users\DELL\Desktop\Cairo\Day2\Demo\AngularJasmineKarma-master\src\app\custom-directive-demo\hello.directive.ts
FN:16,(anonymous_0)
FN:19,(anonymous_1)
FN:25,(anonymous_2)
FN:30,(anonymous_3)
FNF:4
FNH:1
FNDA:1,(anonymous_0)
FNDA:0,(anonymous_1)
FNDA:0,(anonymous_2)
FNDA:0,(anonymous_3)
DA:6,1
DA:8,1
DA:10,1
DA:12,1
DA:14,1
DA:20,0
DA:21,0
DA:22,0
DA:25,1
DA:26,0
DA:27,0
DA:30,1
DA:31,0
DA:32,0
LF:14
LH:7
BRF:0
BRH:0
end_of_record
TN:
SF:C:\Users\DELL\Desktop\Cairo\Day2\Demo\AngularJasmineKarma-master\src\app\custom-pipe\custom-pipe.component.ts
FN:11,(anonymous_0)
FN:13,(anonymous_1)
FNF:2
FNH:2
FNDA:2,(anonymous_0)
FNDA:1,(anonymous_1)
DA:8,1
LF:1
LH:1
BRF:0
BRH:0
end_of_record
TN:
SF:C:\Users\DELL\Desktop\Cairo\Day2\Demo\AngularJasmineKarma-master\src\app\custom-pipe\square.pipe.ts
FN:8,(anonymous_0)
FNF:1
FNH:1
FNDA:3,(anonymous_0)
DA:6,1
DA:10,3
DA:11,1
DA:14,2
LF:4
LH:4
BRDA:10,0,0,1
BRDA:10,0,1,2
BRDA:10,1,0,3
BRDA:10,1,1,3
BRF:4
BRH:4
end_of_record
TN:
SF:C:\Users\DELL\Desktop\Cairo\Day2\Demo\AngularJasmineKarma-master\src\app\employee\employee.component.ts
FN:12,(anonymous_0)
FN:16,(anonymous_1)
FN:19,(anonymous_2)
FNF:3
FNH:3
FNDA:4,(anonymous_0)
FNDA:1,(anonymous_1)
FNDA:3,(anonymous_2)
DA:9,1
DA:12,4
DA:13,4
DA:20,3
DA:21,2
DA:23,1
LF:6
LH:6
BRDA:20,0,0,2
BRDA:20,0,1,1
BRF:2
BRH:2
end_of_record
TN:
SF:C:\Users\DELL\Desktop\Cairo\Day2\Demo\AngularJasmineKarma-master\src\app\employee\employee.service.ts
FN:10,(anonymous_0)
FN:12,(anonymous_1)
FNF:2
FNH:2
FNDA:2,(anonymous_0)
FNDA:1,(anonymous_1)
DA:8,1
DA:10,2
DA:13,1
LF:3
LH:3
BRF:0
BRH:0
end_of_record
TN:
SF:C:\Users\DELL\Desktop\Cairo\Day2\Demo\AngularJasmineKarma-master\src\app\event-test\event-test.component.ts
FN:11,(anonymous_0)
FN:13,(anonymous_1)
FN:17,(anonymous_2)
FN:21,(anonymous_3)
FNF:4
FNH:3
FNDA:1,(anonymous_0)
FNDA:2,(anonymous_1)
FNDA:1,(anonymous_2)
FNDA:0,(anonymous_3)
DA:8,1
DA:14,2
DA:18,1
DA:22,0
LF:4
LH:3
BRF:0
BRH:0
end_of_record
TN:
SF:C:\Users\DELL\Desktop\Cairo\Day2\Demo\AngularJasmineKarma-master\src\app\form-demo\form-demo.component.ts
FN:15,(anonymous_0)
FN:17,(anonymous_1)
FN:24,(anonymous_2)
FNF:3
FNH:2
FNDA:3,(anonymous_0)
FNDA:6,(anonymous_1)
FNDA:0,(anonymous_2)
DA:11,1
DA:18,6
DA:25,0
DA:26,0
LF:4
LH:2
BRDA:25,0,0,0
BRDA:25,0,1,0
BRF:2
BRH:0
end_of_record
TN:
SF:C:\Users\DELL\Desktop\Cairo\Day2\Demo\AngularJasmineKarma-master\src\app\form-demo\demo-react-form\demo-react-form.component.ts
FN:13,(anonymous_0)
FN:15,(anonymous_1)
FNF:2
FNH:2
FNDA:1,(anonymous_0)
FNDA:1,(anonymous_1)
DA:9,1
LF:1
LH:1
BRF:0
BRH:0
end_of_record
TN:
SF:C:\Users\DELL\Desktop\Cairo\Day2\Demo\AngularJasmineKarma-master\src\app\form-demo\demo-temp-form\demo-temp-form.component.ts
FN:15,(anonymous_0)
FN:17,(anonymous_1)
FN:21,(anonymous_2)
FNF:3
FNH:3
FNDA:3,(anonymous_0)
FNDA:3,(anonymous_1)
FNDA:1,(anonymous_2)
DA:9,1
DA:11,1
DA:18,3
DA:22,1
DA:23,1
DA:24,1
DA:25,1
LF:7
LH:7
BRDA:22,0,0,1
BRDA:22,0,1,0
BRF:2
BRH:1
end_of_record
TN:
SF:C:\Users\DELL\Desktop\Cairo\Day2\Demo\AngularJasmineKarma-master\src\app\http-demo\http-data.service.ts
FN:14,(anonymous_0)
FN:16,(anonymous_1)
FN:20,(anonymous_2)
FNF:3
FNH:3
FNDA:4,(anonymous_0)
FNDA:3,(anonymous_1)
FNDA:1,(anonymous_2)
DA:10,1
DA:12,4
DA:14,4
DA:17,3
DA:21,1
DA:22,1
LF:6
LH:6
BRF:0
BRH:0
end_of_record
TN:
SF:C:\Users\DELL\Desktop\Cairo\Day2\Demo\AngularJasmineKarma-master\src\app\http-demo\http-demo.component.ts
FN:17,(anonymous_0)
FN:19,(anonymous_1)
FN:25,(anonymous_2)
FN:35,(anonymous_3)
FN:41,(anonymous_4)
FNF:5
FNH:2
FNDA:1,(anonymous_0)
FNDA:1,(anonymous_1)
FNDA:0,(anonymous_2)
FNDA:0,(anonymous_3)
FNDA:0,(anonymous_4)
DA:13,1
DA:17,1
DA:20,1
DA:25,1
DA:26,0
DA:27,0
DA:28,0
DA:29,0
DA:37,0
DA:38,0
DA:39,0
DA:41,0
DA:42,0
LF:13
LH:4
BRDA:27,0,0,0
BRDA:27,0,1,0
BRF:2
BRH:0
end_of_record
TN:
SF:C:\Users\DELL\Desktop\Cairo\Day2\Demo\AngularJasmineKarma-master\src\app\in-out-demo\in-out-demo.component.ts
FN:39,(anonymous_0)
FN:41,(anonymous_1)
FN:44,(anonymous_2)
FN:49,(anonymous_3)
FNF:4
FNH:2
FNDA:2,(anonymous_0)
FNDA:2,(anonymous_1)
FNDA:0,(anonymous_2)
FNDA:0,(anonymous_3)
DA:9,1
DA:12,2
DA:13,2
DA:45,0
DA:46,0
DA:50,0
DA:51,0
LF:7
LH:3
BRF:0
BRH:0
end_of_record
TN:
SF:C:\Users\DELL\Desktop\Cairo\Day2\Demo\AngularJasmineKarma-master\src\app\in-out-demo\user.ts
FNF:0
FNH:0
LF:0
LH:0
BRF:0
BRH:0
end_of_record
TN:
SF:C:\Users\DELL\Desktop\Cairo\Day2\Demo\AngularJasmineKarma-master\src\app\in-out-demo\user-detail\user-detail.component.ts
FN:30,(anonymous_0)
FN:18,(anonymous_1)
FN:32,(anonymous_2)
FN:36,(anonymous_3)
FNF:4
FNH:4
FNDA:5,(anonymous_0)
FNDA:2,(anonymous_1)
FNDA:5,(anonymous_2)
FNDA:1,(anonymous_3)
DA:11,1
DA:18,1
DA:20,2
DA:22,2
DA:23,2
DA:24,2
DA:29,5
DA:37,1
DA:39,1
DA:40,1
DA:41,1
DA:43,1
DA:45,1
DA:46,1
DA:47,1
LF:15
LH:15
BRDA:20,0,0,2
BRDA:20,0,1,0
BRDA:20,1,0,2
BRDA:20,1,1,2
BRF:4
BRH:3
end_of_record
TN:
SF:C:\Users\DELL\Desktop\Cairo\Day2\Demo\AngularJasmineKarma-master\src\app\introduction\introduction.component.ts
FN:10,(anonymous_0)
FN:12,(anonymous_1)
FNF:2
FNH:2
FNDA:2,(anonymous_0)
FNDA:1,(anonymous_1)
DA:8,1
LF:1
LH:1
BRF:0
BRH:0
end_of_record
TN:
SF:C:\Users\DELL\Desktop\Cairo\Day2\Demo\AngularJasmineKarma-master\src\app\login\auth.service.ts
FN:11,(anonymous_0)
FN:13,(anonymous_1)
FN:26,(anonymous_2)
FNF:3
FNH:1
FNDA:7,(anonymous_0)
FNDA:0,(anonymous_1)
FNDA:0,(anonymous_2)
DA:8,1
DA:9,7
DA:10,7
DA:11,7
DA:14,0
DA:18,0
DA:19,0
DA:23,0
DA:27,0
LF:9
LH:4
BRF:0
BRH:0
end_of_record
TN:
SF:C:\Users\DELL\Desktop\Cairo\Day2\Demo\AngularJasmineKarma-master\src\app\login\login.component.ts
FN:14,(anonymous_0)
FN:16,(anonymous_1)
FN:19,(anonymous_2)
FNF:3
FNH:2
FNDA:3,(anonymous_0)
FNDA:3,(anonymous_1)
FNDA:0,(anonymous_2)
DA:9,1
DA:11,3
DA:12,3
DA:14,3
DA:20,0
DA:21,0
LF:6
LH:4
BRDA:20,0,0,0
BRDA:20,0,1,0
BRDA:20,1,0,0
BRDA:20,1,1,0
BRF:4
BRH:0
end_of_record
TN:
SF:C:\Users\DELL\Desktop\Cairo\Day2\Demo\AngularJasmineKarma-master\src\app\marble-test\marble-test.component.ts
FN:12,(anonymous_0)
FN:16,(anonymous_1)
FN:20,(anonymous_2)
FN:21,(anonymous_3)
FN:27,(anonymous_4)
FNF:5
FNH:5
FNDA:2,(anonymous_0)
FNDA:1,(anonymous_1)
FNDA:1,(anonymous_2)
FNDA:1,(anonymous_3)
FNDA:2,(anonymous_4)
DA:10,1
DA:12,2
DA:14,2
DA:17,1
DA:21,1
DA:22,1
DA:28,2
DA:29,1
LF:8
LH:8
BRDA:28,0,0,1
BRDA:28,0,1,1
BRF:2
BRH:2
end_of_record
TN:
SF:C:\Users\DELL\Desktop\Cairo\Day2\Demo\AngularJasmineKarma-master\src\app\marble-test\marble-test.service.ts
FN:11,(anonymous_0)
FN:13,(anonymous_1)
FNF:2
FNH:1
FNDA:3,(anonymous_0)
FNDA:0,(anonymous_1)
DA:9,1
DA:14,0
DA:19,1
LF:3
LH:2
BRF:0
BRH:0
end_of_record
TN:
SF:C:\Users\DELL\Desktop\Cairo\Day2\Demo\AngularJasmineKarma-master\src\app\product-list\product-list.component.ts
FN:17,(anonymous_0)
FN:19,(anonymous_1)
FN:20,(anonymous_2)
FN:27,(anonymous_3)
FN:31,(anonymous_4)
FN:34,(anonymous_5)
FN:40,(anonymous_6)
FNF:7
FNH:6
FNDA:7,(anonymous_0)
FNDA:7,(anonymous_1)
FNDA:7,(anonymous_2)
FNDA:1,(anonymous_3)
FNDA:4,(anonymous_4)
FNDA:4,(anonymous_5)
FNDA:0,(anonymous_6)
DA:10,1
DA:14,7
DA:17,7
DA:20,7
DA:22,7
DA:28,1
DA:32,4
DA:33,4
DA:35,4
LF:9
LH:9
BRF:0
BRH:0
end_of_record
TN:
SF:C:\Users\DELL\Desktop\Cairo\Day2\Demo\AngularJasmineKarma-master\src\app\product-list\product.service.ts
FN:10,(anonymous_0)
FN:11,(anonymous_1)
FN:15,(anonymous_2)
FN:19,(anonymous_3)
FNF:4
FNH:4
FNDA:13,(anonymous_0)
FNDA:7,(anonymous_1)
FNDA:9,(anonymous_2)
FNDA:450,(anonymous_3)
DA:7,1
DA:8,13
DA:12,7
DA:16,9
DA:17,9
DA:19,450
DA:24,1
LF:7
LH:7
BRF:0
BRH:0
end_of_record
TN:
SF:C:\Users\DELL\Desktop\Cairo\Day2\Demo\AngularJasmineKarma-master\src\app\product-list\product-detail\product-detail.component.ts
FN:12,(anonymous_0)
FN:14,(anonymous_1)
FN:15,(anonymous_2)
FN:17,(anonymous_3)
FN:28,(anonymous_4)
FNF:5
FNH:4
FNDA:3,(anonymous_0)
FNDA:3,(anonymous_1)
FNDA:3,(anonymous_2)
FNDA:3,(anonymous_3)
FNDA:0,(anonymous_4)
DA:10,1
DA:11,3
DA:12,3
DA:15,3
DA:17,3
DA:18,3
DA:19,3
DA:21,0
DA:29,0
DA:30,0
LF:10
LH:7
BRDA:18,0,0,3
BRDA:18,0,1,0
BRF:2
BRH:1
end_of_record
TN:
SF:C:\Users\DELL\Desktop\Cairo\Day2\Demo\AngularJasmineKarma-master\src\app\spy-demo\mock-spy.service.ts
FN:8,(anonymous_0)
FN:10,(anonymous_1)
FNF:2
FNH:1
FNDA:2,(anonymous_0)
FNDA:0,(anonymous_1)
DA:6,1
DA:11,0
LF:2
LH:1
BRF:0
BRH:0
end_of_record
TN:
SF:C:\Users\DELL\Desktop\Cairo\Day2\Demo\AngularJasmineKarma-master\src\app\spy-demo\spy-demo.component.ts
FN:11,(anonymous_0)
FN:13,(anonymous_1)
FNF:2
FNH:2
FNDA:1,(anonymous_0)
FNDA:1,(anonymous_1)
DA:9,1
DA:11,1
DA:14,1
LF:3
LH:3
BRF:0
BRH:0
end_of_record
